*** Reading local file: /usr/local/airflow/logs/worker/do_mat_view/2022-02-04T21:07:05.324977+00:00/1.log
[2022-02-04 21:07:31,313] {{taskinstance.py:655}} INFO - Dependencies all met for <TaskInstance: worker.do_mat_view 2022-02-04T21:07:05.324977+00:00 [queued]>
[2022-02-04 21:07:31,345] {{taskinstance.py:655}} INFO - Dependencies all met for <TaskInstance: worker.do_mat_view 2022-02-04T21:07:05.324977+00:00 [queued]>
[2022-02-04 21:07:31,345] {{taskinstance.py:866}} INFO - 
--------------------------------------------------------------------------------
[2022-02-04 21:07:31,345] {{taskinstance.py:867}} INFO - Starting attempt 1 of 1
[2022-02-04 21:07:31,345] {{taskinstance.py:868}} INFO - 
--------------------------------------------------------------------------------
[2022-02-04 21:07:31,358] {{taskinstance.py:887}} INFO - Executing <Task(PostgresOperator): do_mat_view> on 2022-02-04T21:07:05.324977+00:00
[2022-02-04 21:07:31,361] {{standard_task_runner.py:53}} INFO - Started process 48111 to run task
[2022-02-04 21:07:31,501] {{logging_mixin.py:112}} INFO - Running %s on host %s <TaskInstance: worker.do_mat_view 2022-02-04T21:07:05.324977+00:00 [running]> 1b4654a53e6f
[2022-02-04 21:07:31,544] {{postgres_operator.py:62}} INFO - Executing: CREATE MATERIALIZED VIEW IF NOT EXISTS sales_summary AS
select user_id, sum(price)
from transactions t
where exists (
select user_id 
from users u
inner join webinar using(email)
where date_registration > '2016-04-01' and t.user_id = u.user_id)
group by user_id;
[2022-02-04 21:07:31,575] {{logging_mixin.py:112}} INFO - [2022-02-04 21:07:31,575] {{base_hook.py:84}} INFO - Using connection to: id: postgres. Host: 10.1.1.25, Port: 54322, Schema: postgres, Login: postgres, Password: XXXXXXXX, extra: None
[2022-02-04 21:07:31,595] {{logging_mixin.py:112}} INFO - [2022-02-04 21:07:31,595] {{dbapi_hook.py:174}} INFO - CREATE MATERIALIZED VIEW IF NOT EXISTS sales_summary AS
select user_id, sum(price)
from transactions t
where exists (
select user_id 
from users u
inner join webinar using(email)
where date_registration > '2016-04-01' and t.user_id = u.user_id)
group by user_id;
[2022-02-04 21:07:31,653] {{taskinstance.py:1048}} INFO - Marking task as SUCCESS.dag_id=worker, task_id=do_mat_view, execution_date=20220204T210705, start_date=20220204T210731, end_date=20220204T210731
[2022-02-04 21:07:41,292] {{logging_mixin.py:112}} INFO - [2022-02-04 21:07:41,292] {{local_task_job.py:103}} INFO - Task exited with return code 0

