*** Reading local file: /usr/local/airflow/logs/worker/do_mat_view/2022-02-07T19:30:45.974820+00:00/2.log
[2022-02-07 19:34:37,114] {{taskinstance.py:655}} INFO - Dependencies all met for <TaskInstance: worker.do_mat_view 2022-02-07T19:30:45.974820+00:00 [queued]>
[2022-02-07 19:34:37,144] {{taskinstance.py:655}} INFO - Dependencies all met for <TaskInstance: worker.do_mat_view 2022-02-07T19:30:45.974820+00:00 [queued]>
[2022-02-07 19:34:37,145] {{taskinstance.py:866}} INFO - 
--------------------------------------------------------------------------------
[2022-02-07 19:34:37,145] {{taskinstance.py:867}} INFO - Starting attempt 2 of 2
[2022-02-07 19:34:37,145] {{taskinstance.py:868}} INFO - 
--------------------------------------------------------------------------------
[2022-02-07 19:34:37,154] {{taskinstance.py:887}} INFO - Executing <Task(PostgresOperator): do_mat_view> on 2022-02-07T19:30:45.974820+00:00
[2022-02-07 19:34:37,158] {{standard_task_runner.py:53}} INFO - Started process 7149 to run task
[2022-02-07 19:34:37,290] {{logging_mixin.py:112}} INFO - Running %s on host %s <TaskInstance: worker.do_mat_view 2022-02-07T19:30:45.974820+00:00 [running]> 1b4654a53e6f
[2022-02-07 19:34:37,345] {{postgres_operator.py:62}} INFO - Executing: CREATE MATERIALIZED VIEW IF NOT EXISTS sales_summary AS
select user_id, sum(price)
from transactions t
where exists (
    select user_id 
    from (
        select *
        from webinar w
        where email not in(
            select email
            from users u
            where date_registration < '2016-04-01'
        ) 
    ) as tbl
left join users u using(email)
where date_registration > '2016-04-01' and t.user_id = u.user_id)
group by user_id;
[2022-02-07 19:34:37,369] {{logging_mixin.py:112}} INFO - [2022-02-07 19:34:37,369] {{base_hook.py:84}} INFO - Using connection to: id: postgres. Host: 10.1.1.25, Port: 54322, Schema: postgres, Login: postgres, Password: XXXXXXXX, extra: None
[2022-02-07 19:34:37,407] {{logging_mixin.py:112}} INFO - [2022-02-07 19:34:37,406] {{dbapi_hook.py:174}} INFO - CREATE MATERIALIZED VIEW IF NOT EXISTS sales_summary AS
select user_id, sum(price)
from transactions t
where exists (
    select user_id 
    from (
        select *
        from webinar w
        where email not in(
            select email
            from users u
            where date_registration < '2016-04-01'
        ) 
    ) as tbl
left join users u using(email)
where date_registration > '2016-04-01' and t.user_id = u.user_id)
group by user_id;
[2022-02-07 19:34:37,635] {{taskinstance.py:1048}} INFO - Marking task as SUCCESS.dag_id=worker, task_id=do_mat_view, execution_date=20220207T193045, start_date=20220207T193437, end_date=20220207T193437
[2022-02-07 19:34:47,097] {{logging_mixin.py:112}} INFO - [2022-02-07 19:34:47,096] {{local_task_job.py:103}} INFO - Task exited with return code 0

